<?xml version="1.0" encoding="UTF-8"?>
<testng-results skipped="0" failed="0" ignored="0" total="1" passed="1">
  <reporter-output>
  </reporter-output>
  <suite name="Default suite" duration-ms="13068" started-at="2018-05-09T07:49:28Z" finished-at="2018-05-09T07:49:41Z">
    <groups>
    </groups>
    <test name="Default test" duration-ms="13068" started-at="2018-05-09T07:49:28Z" finished-at="2018-05-09T07:49:41Z">
      <class name="runner.KDETest">
        <test-method status="PASS" signature="beforeSuite()[pri:0, instance:runner.KDETest@754ba872]" name="beforeSuite" is-config="true" duration-ms="12396" started-at="2018-05-09T07:49:16Z" finished-at="2018-05-09T07:49:28Z">
          <reporter-output>
          </reporter-output>
        </test-method> <!-- beforeSuite -->
        <test-method status="PASS" signature="beforeTest()[pri:0, instance:runner.KDETest@754ba872]" name="beforeTest" is-config="true" duration-ms="1" started-at="2018-05-09T07:49:28Z" finished-at="2018-05-09T07:49:28Z">
          <reporter-output>
          </reporter-output>
        </test-method> <!-- beforeTest -->
        <test-method status="PASS" signature="beforeClass()[pri:0, instance:runner.KDETest@754ba872]" name="beforeClass" is-config="true" duration-ms="0" started-at="2018-05-09T07:49:28Z" finished-at="2018-05-09T07:49:28Z">
          <reporter-output>
          </reporter-output>
        </test-method> <!-- beforeClass -->
        <test-method status="PASS" signature="ff()[pri:0, instance:runner.KDETest@754ba872]" name="ff" duration-ms="13036" started-at="2018-05-09T07:49:28Z" finished-at="2018-05-09T07:49:41Z">
          <reporter-output>
          </reporter-output>
        </test-method> <!-- ff -->
        <test-method status="PASS" signature="beforeMethod()[pri:0, instance:runner.KDETest@754ba872]" name="beforeMethod" is-config="true" duration-ms="0" started-at="2018-05-09T07:49:28Z" finished-at="2018-05-09T07:49:28Z">
          <reporter-output>
          </reporter-output>
        </test-method> <!-- beforeMethod -->
        <test-method status="PASS" signature="afterMethod()[pri:0, instance:runner.KDETest@754ba872]" name="afterMethod" is-config="true" duration-ms="1" started-at="2018-05-09T07:49:41Z" finished-at="2018-05-09T07:49:41Z">
          <reporter-output>
          </reporter-output>
        </test-method> <!-- afterMethod -->
        <test-method status="PASS" signature="afterClass()[pri:0, instance:runner.KDETest@754ba872]" name="afterClass" is-config="true" duration-ms="1" started-at="2018-05-09T07:49:41Z" finished-at="2018-05-09T07:49:41Z">
          <reporter-output>
          </reporter-output>
        </test-method> <!-- afterClass -->
        <test-method status="PASS" signature="afterTest()[pri:0, instance:runner.KDETest@754ba872]" name="afterTest" is-config="true" duration-ms="1" started-at="2018-05-09T07:49:41Z" finished-at="2018-05-09T07:49:41Z">
          <reporter-output>
          </reporter-output>
        </test-method> <!-- afterTest -->
        <test-method status="PASS" signature="afterSuite()[pri:0, instance:runner.KDETest@754ba872]" name="afterSuite" is-config="true" duration-ms="2625" started-at="2018-05-09T07:49:41Z" finished-at="2018-05-09T07:49:44Z">
          <reporter-output>
          </reporter-output>
        </test-method> <!-- afterSuite -->
      </class> <!-- runner.KDETest -->
    </test> <!-- Default test -->
  </suite> <!-- Default suite -->
</testng-results>
